Flow report for IQModulePhaseLocked
Tue Oct  3 18:16:55 2017
Quartus II 64-Bit Version 13.1.0 Build 162 10/23/2013 SJ Web Edition


---------------------
; Table of Contents ;
---------------------
  1. Legal Notice
  2. Flow Summary
  3. Flow Settings
  4. Flow Non-Default Global Settings
  5. Flow Elapsed Time
  6. Flow OS Summary
  7. Flow Log
  8. Flow Messages
  9. Flow Suppressed Messages



----------------
; Legal Notice ;
----------------
Copyright (C) 1991-2013 Altera Corporation
Your use of Altera Corporation's design tools, logic functions 
and other software and tools, and its AMPP partner logic 
functions, and any output files from any of the foregoing 
(including device programming or simulation files), and any 
associated documentation or information are expressly subject 
to the terms and conditions of the Altera Program License 
Subscription Agreement, Altera MegaCore Function License 
Agreement, or other applicable license agreement, including, 
without limitation, that your use is for the sole purpose of 
programming logic devices manufactured by Altera and sold by 
Altera or its authorized distributors.  Please refer to the 
applicable agreement for further details.



+------------------------------------------------------------------------------+
; Flow Summary                                                                 ;
+---------------------------------+--------------------------------------------+
; Flow Status                     ; Successful - Tue Oct  3 18:16:13 2017      ;
; Quartus II 64-Bit Version       ; 13.1.0 Build 162 10/23/2013 SJ Web Edition ;
; Revision Name                   ; IQModulePhaseLocked                        ;
; Top-level Entity Name           ; IQModulePhaseLocked                        ;
; Family                          ; Cyclone V                                  ;
; Device                          ; 5CSEMA5F31C6                               ;
; Timing Models                   ; Preliminary                                ;
; Logic utilization (in ALMs)     ; 9,649 / 32,070 ( 30 % )                    ;
; Total registers                 ; 10225                                      ;
; Total pins                      ; 150 / 457 ( 33 % )                         ;
; Total virtual pins              ; 0                                          ;
; Total block memory bits         ; 32,256 / 4,065,280 ( < 1 % )               ;
; Total DSP Blocks                ; 87 / 87 ( 100 % )                          ;
; Total HSSI RX PCSs              ; 0                                          ;
; Total HSSI PMA RX Deserializers ; 0                                          ;
; Total HSSI TX PCSs              ; 0                                          ;
; Total HSSI TX Channels          ; 0                                          ;
; Total PLLs                      ; 0 / 6 ( 0 % )                              ;
; Total DLLs                      ; 0 / 4 ( 0 % )                              ;
+---------------------------------+--------------------------------------------+


+-----------------------------------------+
; Flow Settings                           ;
+-------------------+---------------------+
; Option            ; Setting             ;
+-------------------+---------------------+
; Start date & time ; 10/03/2017 18:11:44 ;
; Main task         ; Compilation         ;
; Revision Name     ; IQModulePhaseLocked ;
+-------------------+---------------------+


+--------------------------------------------------------------------------------------------------------------------------------------------------------------------------+
; Flow Non-Default Global Settings                                                                                                                                         ;
+-------------------------------------+-------------------------------------------------------------------------------------+---------------+-----------------+------------+
; Assignment Name                     ; Value                                                                               ; Default Value ; Entity Name     ; Section Id ;
+-------------------------------------+-------------------------------------------------------------------------------------+---------------+-----------------+------------+
; COMPILER_SIGNATURE_ID               ; 0.150701470419558                                                                   ; --            ; --              ; --         ;
; ENABLE_SIGNALTAP                    ; On                                                                                  ; --            ; --              ; --         ;
; IP_TOOL_ENV                         ; mwpim                                                                               ; --            ; fir_filter      ; --         ;
; IP_TOOL_ENV                         ; mwpim                                                                               ; --            ; fir_filter_0002 ; --         ;
; IP_TOOL_NAME                        ; NCO                                                                                 ; --            ; --              ; --         ;
; IP_TOOL_NAME                        ; LPM_MULT                                                                            ; --            ; --              ; --         ;
; IP_TOOL_NAME                        ; LPM_MULT                                                                            ; --            ; --              ; --         ;
; IP_TOOL_NAME                        ; LPM_ADD_SUB                                                                         ; --            ; --              ; --         ;
; IP_TOOL_NAME                        ; altera_fir_compiler_ii                                                              ; --            ; fir_filter      ; --         ;
; IP_TOOL_NAME                        ; altera_fir_compiler_ii                                                              ; --            ; fir_filter_0002 ; --         ;
; IP_TOOL_VERSION                     ; 13.1                                                                                ; --            ; --              ; --         ;
; IP_TOOL_VERSION                     ; 13.1                                                                                ; --            ; --              ; --         ;
; IP_TOOL_VERSION                     ; 13.1                                                                                ; --            ; --              ; --         ;
; IP_TOOL_VERSION                     ; 13.1                                                                                ; --            ; --              ; --         ;
; IP_TOOL_VERSION                     ; 13.1                                                                                ; --            ; fir_filter      ; --         ;
; IP_TOOL_VERSION                     ; 13.1                                                                                ; --            ; fir_filter_0002 ; --         ;
; MAX_CORE_JUNCTION_TEMP              ; 85                                                                                  ; --            ; --              ; --         ;
; MIN_CORE_JUNCTION_TEMP              ; 0                                                                                   ; --            ; --              ; --         ;
; MISC_FILE                           ; ../Megafunctions/NCO/nco-library/auk_dspip_avalon_streaming_controller.vhd          ; --            ; --              ; --         ;
; MISC_FILE                           ; ../Megafunctions/NCO/nco-library/auk_dspip_text_pkg.vhd                             ; --            ; --              ; --         ;
; MISC_FILE                           ; ../Megafunctions/NCO/nco-library/cordic_14_m.v                                      ; --            ; --              ; --         ;
; MISC_FILE                           ; ../Megafunctions/NCO/nco-library/asj_nco_apr_dxx.v                                  ; --            ; --              ; --         ;
; MISC_FILE                           ; ../Megafunctions/NCO/nco-library/m_output_blk_rw.v                                  ; --            ; --              ; --         ;
; MISC_FILE                           ; ../Megafunctions/NCO/nco-library/cord_init_ser_pm.v                                 ; --            ; --              ; --         ;
; MISC_FILE                           ; ../Megafunctions/NCO/nco-library/asj_nco_mob_w.v                                    ; --            ; --              ; --         ;
; MISC_FILE                           ; ../Megafunctions/NCO/nco-library/cordic_cnt_sig.v                                   ; --            ; --              ; --         ;
; MISC_FILE                           ; ../Megafunctions/NCO/nco-library/cordic_axor_ser.v                                  ; --            ; --              ; --         ;
; MISC_FILE                           ; ../Megafunctions/NCO/nco-library/cordic_5_m.v                                       ; --            ; --              ; --         ;
; MISC_FILE                           ; ../Megafunctions/NCO/nco-library/cordic_18_m.v                                      ; --            ; --              ; --         ;
; MISC_FILE                           ; ../Megafunctions/NCO/nco-library/cord_init.v                                        ; --            ; --              ; --         ;
; MISC_FILE                           ; ../Megafunctions/NCO/nco-library/asj_gam_dp.v                                       ; --            ; --              ; --         ;
; MISC_FILE                           ; ../Megafunctions/NCO/nco-library/sid_2c_1p.v                                        ; --            ; --              ; --         ;
; MISC_FILE                           ; ../Megafunctions/NCO/nco-library/mac_i_lpmd.v                                       ; --            ; --              ; --         ;
; MISC_FILE                           ; ../Megafunctions/NCO/nco-library/cordic_axor_0p_lpm.v                               ; --            ; --              ; --         ;
; MISC_FILE                           ; ../Megafunctions/NCO/nco-library/cordic_cnt.v                                       ; --            ; --              ; --         ;
; MISC_FILE                           ; ../Megafunctions/NCO/nco-library/segment_sel.v                                      ; --            ; --              ; --         ;
; MISC_FILE                           ; ../Megafunctions/NCO/nco-library/cordic_25_m.v                                      ; --            ; --              ; --         ;
; MISC_FILE                           ; ../Megafunctions/NCO/nco-library/lmsd.v                                             ; --            ; --              ; --         ;
; MISC_FILE                           ; ../Megafunctions/NCO/nco-library/cordic_32_m.v                                      ; --            ; --              ; --         ;
; MISC_FILE                           ; ../Megafunctions/NCO/nco-library/asj_nco_mciosel.v                                  ; --            ; --              ; --         ;
; MISC_FILE                           ; ../Megafunctions/NCO/nco-library/asj_nco_mady.v                                     ; --            ; --              ; --         ;
; MISC_FILE                           ; ../Megafunctions/NCO/nco-library/asj_nco_mcout.v                                    ; --            ; --              ; --         ;
; MISC_FILE                           ; ../Megafunctions/NCO/nco-library/cordic_3_m.v                                       ; --            ; --              ; --         ;
; MISC_FILE                           ; ../Megafunctions/NCO/nco-library/cordic_17_m.v                                      ; --            ; --              ; --         ;
; MISC_FILE                           ; ../Megafunctions/NCO/nco-library/asj_crs.v                                          ; --            ; --              ; --         ;
; MISC_FILE                           ; ../Megafunctions/NCO/nco-library/segment_arr_tdl.v                                  ; --            ; --              ; --         ;
; MISC_FILE                           ; ../Megafunctions/NCO/nco-library/asj_altqmcpipe_rst.v                               ; --            ; --              ; --         ;
; MISC_FILE                           ; ../Megafunctions/NCO/nco-library/sop_reg.v                                          ; --            ; --              ; --         ;
; MISC_FILE                           ; ../Megafunctions/NCO/nco-library/auk_dspip_avalon_streaming_block_sink.vhd          ; --            ; --              ; --         ;
; MISC_FILE                           ; ../Megafunctions/NCO/nco-library/asj_nco_isdr_throughput2.v                         ; --            ; --              ; --         ;
; MISC_FILE                           ; ../Megafunctions/NCO/nco-library/auk_dspip_avalon_streaming_source.vhd              ; --            ; --              ; --         ;
; MISC_FILE                           ; ../Megafunctions/NCO/nco-library/cordic_20_m.v                                      ; --            ; --              ; --         ;
; MISC_FILE                           ; ../Megafunctions/NCO/nco-library/asj_nco_pmd2.v                                     ; --            ; --              ; --         ;
; MISC_FILE                           ; ../Megafunctions/NCO/nco-library/cordic_zxor_0p_lpm.v                               ; --            ; --              ; --         ;
; MISC_FILE                           ; ../Megafunctions/NCO/nco-library/cordic_16_m.v                                      ; --            ; --              ; --         ;
; MISC_FILE                           ; ../Megafunctions/NCO/nco-library/auk_dspip_lib_pkg.vhd                              ; --            ; --              ; --         ;
; MISC_FILE                           ; ../Megafunctions/NCO/nco-library/asj_gal.v                                          ; --            ; --              ; --         ;
; MISC_FILE                           ; ../Megafunctions/NCO/nco-library/asj_nco_m.v                                        ; --            ; --              ; --         ;
; MISC_FILE                           ; ../Megafunctions/NCO/nco-library/cord_rot_sgl.v                                     ; --            ; --              ; --         ;
; MISC_FILE                           ; ../Megafunctions/NCO/nco-library/asj_nco_fxx.v                                      ; --            ; --              ; --         ;
; MISC_FILE                           ; ../Megafunctions/NCO/nco-library/cordic_10_m.v                                      ; --            ; --              ; --         ;
; MISC_FILE                           ; ../Megafunctions/NCO/nco-library/cordic_sxor_2p_lpm.v                               ; --            ; --              ; --         ;
; MISC_FILE                           ; ../Megafunctions/NCO/nco-library/cordic_7_m.v                                       ; --            ; --              ; --         ;
; MISC_FILE                           ; ../Megafunctions/NCO/nco-library/las.v                                              ; --            ; --              ; --         ;
; MISC_FILE                           ; ../Megafunctions/NCO/nco-library/cordic_zxor_2p_lpm.v                               ; --            ; --              ; --         ;
; MISC_FILE                           ; ../Megafunctions/NCO/nco-library/asj_nco_pxx.v                                      ; --            ; --              ; --         ;
; MISC_FILE                           ; ../Megafunctions/NCO/nco-library/asj_xnqg.v                                         ; --            ; --              ; --         ;
; MISC_FILE                           ; ../Megafunctions/NCO/nco-library/cordic_8_m.v                                       ; --            ; --              ; --         ;
; MISC_FILE                           ; ../Megafunctions/NCO/nco-library/cord_lut.v                                         ; --            ; --              ; --         ;
; MISC_FILE                           ; ../Megafunctions/NCO/nco-library/asj_dxx_g.v                                        ; --            ; --              ; --         ;
; MISC_FILE                           ; ../Megafunctions/NCO/nco-library/cordic_zxor_1p_lpm.v                               ; --            ; --              ; --         ;
; MISC_FILE                           ; ../Megafunctions/NCO/nco-library/auk_dspip_math_pkg.vhd                             ; --            ; --              ; --         ;
; MISC_FILE                           ; ../Megafunctions/NCO/nco-library/asj_nco_as_m_dp.v                                  ; --            ; --              ; --         ;
; MISC_FILE                           ; ../Megafunctions/NCO/nco-library/cordic_12_m.v                                      ; --            ; --              ; --         ;
; MISC_FILE                           ; ../Megafunctions/NCO/nco-library/cordic_28_m.v                                      ; --            ; --              ; --         ;
; MISC_FILE                           ; ../Megafunctions/NCO/nco-library/asj_nco_mcin.v                                     ; --            ; --              ; --         ;
; MISC_FILE                           ; ../Megafunctions/NCO/nco-library/asj_crd.v                                          ; --            ; --              ; --         ;
; MISC_FILE                           ; ../Megafunctions/NCO/nco-library/cord_lut_1p.v                                      ; --            ; --              ; --         ;
; MISC_FILE                           ; ../Megafunctions/NCO/nco-library/asj_altqmcpipe.v                                   ; --            ; --              ; --         ;
; MISC_FILE                           ; ../Megafunctions/NCO/nco-library/cordic_27_m.v                                      ; --            ; --              ; --         ;
; MISC_FILE                           ; ../Megafunctions/NCO/nco-library/asj_nco_pmd2gam.v                                  ; --            ; --              ; --         ;
; MISC_FILE                           ; ../Megafunctions/NCO/nco-library/cord_2c.v                                          ; --            ; --              ; --         ;
; MISC_FILE                           ; ../Megafunctions/NCO/nco-library/cordic_9_m.v                                       ; --            ; --              ; --         ;
; MISC_FILE                           ; ../Megafunctions/NCO/nco-library/cord_rot_dual.v                                    ; --            ; --              ; --         ;
; MISC_FILE                           ; ../Megafunctions/NCO/nco-library/cordic_26_m.v                                      ; --            ; --              ; --         ;
; MISC_FILE                           ; ../Megafunctions/NCO/nco-library/auk_dspip_avalon_streaming_block_sink_fftfprvs.vhd ; --            ; --              ; --         ;
; MISC_FILE                           ; ../Megafunctions/NCO/nco-library/asj_nco_as_m_cen.v                                 ; --            ; --              ; --         ;
; MISC_FILE                           ; ../Megafunctions/NCO/nco-library/m_output_blk_reg.v                                 ; --            ; --              ; --         ;
; MISC_FILE                           ; ../Megafunctions/NCO/nco-library/m_output_blk_w.v                                   ; --            ; --              ; --         ;
; MISC_FILE                           ; ../Megafunctions/NCO/nco-library/cordic_4_m.v                                       ; --            ; --              ; --         ;
; MISC_FILE                           ; ../Megafunctions/NCO/nco-library/asj_altqmcash.v                                    ; --            ; --              ; --         ;
; MISC_FILE                           ; ../Megafunctions/NCO/nco-library/cordic_13_m.v                                      ; --            ; --              ; --         ;
; MISC_FILE                           ; ../Megafunctions/NCO/nco-library/asj_nco_isdr_mc.v                                  ; --            ; --              ; --         ;
; MISC_FILE                           ; ../Megafunctions/NCO/nco-library/asj_nco_derot.v                                    ; --            ; --              ; --         ;
; MISC_FILE                           ; ../Megafunctions/NCO/nco-library/asj_dxx.v                                          ; --            ; --              ; --         ;
; MISC_FILE                           ; ../Megafunctions/NCO/nco-library/cordic_19_m.v                                      ; --            ; --              ; --         ;
; MISC_FILE                           ; ../Megafunctions/NCO/nco-library/cord_acc_ena.v                                     ; --            ; --              ; --         ;
; MISC_FILE                           ; ../Megafunctions/NCO/nco-library/auk_dspip_avalon_streaming_controller_pe.vhd       ; --            ; --              ; --         ;
; MISC_FILE                           ; ../Megafunctions/NCO/nco-library/cordic_15_m.v                                      ; --            ; --              ; --         ;
; MISC_FILE                           ; ../Megafunctions/NCO/nco-library/cordic_22_m.v                                      ; --            ; --              ; --         ;
; MISC_FILE                           ; ../Megafunctions/NCO/nco-library/mac_i_lpm.v                                        ; --            ; --              ; --         ;
; MISC_FILE                           ; ../Megafunctions/NCO/nco-library/cordic_6_m.v                                       ; --            ; --              ; --         ;
; MISC_FILE                           ; ../Megafunctions/NCO/nco-library/cordic_23_m.v                                      ; --            ; --              ; --         ;
; MISC_FILE                           ; ../Megafunctions/NCO/nco-library/cordic_sxor_ser.v                                  ; --            ; --              ; --         ;
; MISC_FILE                           ; ../Megafunctions/NCO/nco-library/asj_gam.v                                          ; --            ; --              ; --         ;
; MISC_FILE                           ; ../Megafunctions/NCO/nco-library/cordic_11_m.v                                      ; --            ; --              ; --         ;
; MISC_FILE                           ; ../Megafunctions/NCO/nco-library/cordic_21_m.v                                      ; --            ; --              ; --         ;
; MISC_FILE                           ; ../Megafunctions/NCO/nco-library/asj_nco_aprid_dxx.v                                ; --            ; --              ; --         ;
; MISC_FILE                           ; ../Megafunctions/NCO/nco-library/asj_altq.v                                         ; --            ; --              ; --         ;
; MISC_FILE                           ; ../Megafunctions/NCO/nco-library/auk_dspip_avalon_streaming_block_source.vhd        ; --            ; --              ; --         ;
; MISC_FILE                           ; ../Megafunctions/NCO/nco-library/cordic_zxor_ser.v                                  ; --            ; --              ; --         ;
; MISC_FILE                           ; ../Megafunctions/NCO/nco-library/auk_dspip_avalon_streaming_sink.vhd                ; --            ; --              ; --         ;
; MISC_FILE                           ; ../Megafunctions/NCO/nco-library/freq_sel_st.v                                      ; --            ; --              ; --         ;
; MISC_FILE                           ; ../Megafunctions/NCO/nco-library/cord_en.v                                          ; --            ; --              ; --         ;
; MISC_FILE                           ; ../Megafunctions/NCO/nco-library/asj_nco_d1gam.v                                    ; --            ; --              ; --         ;
; MISC_FILE                           ; ../Megafunctions/NCO/nco-library/segment_sel_sgl.v                                  ; --            ; --              ; --         ;
; MISC_FILE                           ; ../Megafunctions/NCO/nco-library/asj_nco_mob_sw.v                                   ; --            ; --              ; --         ;
; MISC_FILE                           ; ../Megafunctions/NCO/nco-library/asj_nco_as_m.v                                     ; --            ; --              ; --         ;
; MISC_FILE                           ; ../Megafunctions/NCO/nco-library/cordic_31_m.v                                      ; --            ; --              ; --         ;
; MISC_FILE                           ; ../Megafunctions/NCO/nco-library/cordic_sxor_0p_lpm.v                               ; --            ; --              ; --         ;
; MISC_FILE                           ; ../Megafunctions/NCO/nco-library/cordic_24_m.v                                      ; --            ; --              ; --         ;
; MISC_FILE                           ; ../Megafunctions/NCO/nco-library/cordic_axor_1p_lpm.v                               ; --            ; --              ; --         ;
; MISC_FILE                           ; ../Megafunctions/NCO/nco-library/asj_nco_mady_cen.v                                 ; --            ; --              ; --         ;
; MISC_FILE                           ; ../Megafunctions/NCO/nco-library/asj_nco_madx.v                                     ; --            ; --              ; --         ;
; MISC_FILE                           ; ../Megafunctions/NCO/nco-library/lms.v                                              ; --            ; --              ; --         ;
; MISC_FILE                           ; ../Megafunctions/NCO/nco-library/cord_init_ser.v                                    ; --            ; --              ; --         ;
; MISC_FILE                           ; ../Megafunctions/NCO/nco-library/asj_nco_mob_rw.v                                   ; --            ; --              ; --         ;
; MISC_FILE                           ; ../Megafunctions/NCO/nco-library/cordic_axor_2p_lpm.v                               ; --            ; --              ; --         ;
; MISC_FILE                           ; ../Megafunctions/NCO/nco-library/cord_init_pm.v                                     ; --            ; --              ; --         ;
; MISC_FILE                           ; ../Megafunctions/NCO/nco-library/cord_seg_sel.v                                     ; --            ; --              ; --         ;
; MISC_FILE                           ; ../Megafunctions/NCO/nco-library/auk_dspip_delay.vhd                                ; --            ; --              ; --         ;
; MISC_FILE                           ; ../Megafunctions/NCO/nco-library/cordic_30_m.v                                      ; --            ; --              ; --         ;
; MISC_FILE                           ; ../Megafunctions/NCO/nco-library/asj_gar.v                                          ; --            ; --              ; --         ;
; MISC_FILE                           ; ../Megafunctions/NCO/nco-library/cordic_reg_ser.v                                   ; --            ; --              ; --         ;
; MISC_FILE                           ; ../Megafunctions/NCO/nco-library/cordic_29_m.v                                      ; --            ; --              ; --         ;
; MISC_FILE                           ; ../Megafunctions/NCO/nco-library/asj_nco_lp_m.v                                     ; --            ; --              ; --         ;
; MISC_FILE                           ; ../Megafunctions/NCO/nco-library/dop_reg.v                                          ; --            ; --              ; --         ;
; MISC_FILE                           ; ../Megafunctions/NCO/nco-library/asj_nco_isdr.v                                     ; --            ; --              ; --         ;
; MISC_FILE                           ; ../Megafunctions/NCO/nco-library/asj_nco_as_m_dp_cen.v                              ; --            ; --              ; --         ;
; MISC_FILE                           ; ../Megafunctions/NCO/nco-library/cordic_sxor_1p_lpm.v                               ; --            ; --              ; --         ;
; MISC_FILE                           ; ../Megafunctions/NCO/nco-library/asj_nco_madx_cen.v                                 ; --            ; --              ; --         ;
; MISC_FILE                           ; ../Megafunctions/NCO/nco-library/cord_fs.v                                          ; --            ; --              ; --         ;
; MISC_FILE                           ; ../Megafunctions/NCO/NCO.v                                                          ; --            ; --              ; --         ;
; MISC_FILE                           ; ../Megafunctions/NCO/NCO_bb.v                                                       ; --            ; --              ; --         ;
; MISC_FILE                           ; ../Megafunctions/NCO/NCO.bsf                                                        ; --            ; --              ; --         ;
; MISC_FILE                           ; ../Megafunctions/NCO/NCO_st.v                                                       ; --            ; --              ; --         ;
; MISC_FILE                           ; ../Megafunctions/NCO/NCO.vo                                                         ; --            ; --              ; --         ;
; MISC_FILE                           ; ../Megafunctions/NCO/NCO_tb.v                                                       ; --            ; --              ; --         ;
; MISC_FILE                           ; ../Megafunctions/NCO/NCO_vo_msim.tcl                                                ; --            ; --              ; --         ;
; MISC_FILE                           ; ../Megafunctions/NCO/NCO_wave.do                                                    ; --            ; --              ; --         ;
; MISC_FILE                           ; ../Megafunctions/NCO/NCO_model.m                                                    ; --            ; --              ; --         ;
; MISC_FILE                           ; ../Megafunctions/NCO/NCO_tb.m                                                       ; --            ; --              ; --         ;
; MISC_FILE                           ; ../Megafunctions/NCO/NCO_sin_f.hex                                                  ; --            ; --              ; --         ;
; MISC_FILE                           ; ../Megafunctions/NCO/NCO_cos_f.hex                                                  ; --            ; --              ; --         ;
; MISC_FILE                           ; ../Megafunctions/NCO/NCO_sin_c.hex                                                  ; --            ; --              ; --         ;
; MISC_FILE                           ; ../Megafunctions/NCO/NCO_cos_c.hex                                                  ; --            ; --              ; --         ;
; MISC_FILE                           ; ../Megafunctions/NCO/NCO.vec                                                        ; --            ; --              ; --         ;
; MISC_FILE                           ; ../Megafunctions/NCO/NCO_nativelink.tcl                                             ; --            ; --              ; --         ;
; MISC_FILE                           ; ../Megafunctions/NCO/NCO.qip                                                        ; --            ; --              ; --         ;
; MISC_FILE                           ; ../Megafunctions/NCO/NCO.html                                                       ; --            ; --              ; --         ;
; MISC_FILE                           ; ../Megafunctions/LPM/lpm_mult_1415bit.bsf                                           ; --            ; --              ; --         ;
; MISC_FILE                           ; ../Megafunctions/LPM/lpm_mult_1415bit_inst.v                                        ; --            ; --              ; --         ;
; MISC_FILE                           ; ../Megafunctions/LPM/lpm_mult_1415bit_bb.v                                          ; --            ; --              ; --         ;
; MISC_FILE                           ; ../Megafunctions/LPM/lpm_mult_1415bit.cmp                                           ; --            ; --              ; --         ;
; MISC_FILE                           ; ../Megafunctions/LPM/lpm_mult_1415bit_syn.v                                         ; --            ; --              ; --         ;
; MISC_FILE                           ; ../Megafunctions/LPM/lpm_mult_14bit.bsf                                             ; --            ; --              ; --         ;
; MISC_FILE                           ; ../Megafunctions/LPM/lpm_mult_14bit_inst.v                                          ; --            ; --              ; --         ;
; MISC_FILE                           ; ../Megafunctions/LPM/lpm_mult_14bit_bb.v                                            ; --            ; --              ; --         ;
; MISC_FILE                           ; ../Megafunctions/LPM/lpm_mult_14bit_syn.v                                           ; --            ; --              ; --         ;
; MISC_FILE                           ; ../Megafunctions/FIR/fir_filter.cmp                                                 ; --            ; --              ; --         ;
; MISC_FILE                           ; ../Megafunctions/ADDSUB/addsub_bb.v                                                 ; --            ; --              ; --         ;
; PARTITION_COLOR                     ; 16764057                                                                            ; --            ; --              ; Top        ;
; PARTITION_FITTER_PRESERVATION_LEVEL ; PLACEMENT_AND_ROUTING                                                               ; --            ; --              ; Top        ;
; PARTITION_NETLIST_TYPE              ; SOURCE                                                                              ; --            ; --              ; Top        ;
; POWER_BOARD_THERMAL_MODEL           ; None (CONSERVATIVE)                                                                 ; --            ; --              ; --         ;
; POWER_PRESET_COOLING_SOLUTION       ; 23 MM HEAT SINK WITH 200 LFPM AIRFLOW                                               ; --            ; --              ; --         ;
; PROJECT_OUTPUT_DIRECTORY            ; output_files                                                                        ; --            ; --              ; --         ;
; SEARCH_PATH                         ; ../Megafunctions/NCO/.                                                              ; --            ; --              ; --         ;
; SEARCH_PATH                         ; ../Megafunctions/NCO/nco-library                                                    ; --            ; --              ; --         ;
; SYNTHESIS_ONLY_QIP                  ; On                                                                                  ; --            ; --              ; --         ;
; USE_SIGNALTAP_FILE                  ; output_files/stp1.stp                                                               ; --            ; --              ; --         ;
+-------------------------------------+-------------------------------------------------------------------------------------+---------------+-----------------+------------+


+-------------------------------------------------------------------------------------------------------------------------------+
; Flow Elapsed Time                                                                                                             ;
+---------------------------+--------------+-------------------------+---------------------+------------------------------------+
; Module Name               ; Elapsed Time ; Average Processors Used ; Peak Virtual Memory ; Total CPU Time (on all processors) ;
+---------------------------+--------------+-------------------------+---------------------+------------------------------------+
; Analysis & Synthesis      ; 00:00:34     ; 1.0                     ; 1418 MB             ; 00:00:34                           ;
; Fitter                    ; 00:03:27     ; 2.0                     ; 2579 MB             ; 00:06:16                           ;
; Assembler                 ; 00:00:13     ; 1.0                     ; 980 MB              ; 00:00:13                           ;
; TimeQuest Timing Analyzer ; 00:00:40     ; 2.7                     ; 1671 MB             ; 00:01:36                           ;
; Total                     ; 00:04:54     ; --                      ; --                  ; 00:08:39                           ;
+---------------------------+--------------+-------------------------+---------------------+------------------------------------+


+---------------------------------------------------------------------------------------------+
; Flow OS Summary                                                                             ;
+---------------------------+------------------+----------------+------------+----------------+
; Module Name               ; Machine Hostname ; OS Name        ; OS Version ; Processor type ;
+---------------------------+------------------+----------------+------------+----------------+
; Analysis & Synthesis      ; MU00058799       ; Ubuntu 16.04.3 ; 16         ; x86_64         ;
; Fitter                    ; MU00058799       ; Ubuntu 16.04.3 ; 16         ; x86_64         ;
; Assembler                 ; MU00058799       ; Ubuntu 16.04.3 ; 16         ; x86_64         ;
; TimeQuest Timing Analyzer ; MU00058799       ; Ubuntu 16.04.3 ; 16         ; x86_64         ;
+---------------------------+------------------+----------------+------------+----------------+


------------
; Flow Log ;
------------
quartus_map --read_settings_files=on --write_settings_files=off IQModulePhaseLocked -c IQModulePhaseLocked
quartus_fit --read_settings_files=off --write_settings_files=off IQModulePhaseLocked -c IQModulePhaseLocked
quartus_asm --read_settings_files=off --write_settings_files=off IQModulePhaseLocked -c IQModulePhaseLocked
quartus_sta IQModulePhaseLocked -c IQModulePhaseLocked



