Tue Jun 27 18:06:04 EST 2017  [debug] AvalonLogSystem initialized using logfile 'velocity.log'
Tue Jun 27 18:06:04 EST 2017   [info] ************************************************************** 
Tue Jun 27 18:06:04 EST 2017   [info] Starting Jakarta Velocity v1.4
Tue Jun 27 18:06:04 EST 2017   [info] RuntimeInstance initializing.
Tue Jun 27 18:06:04 EST 2017   [info] Default Properties File: org/apache/velocity/runtime/defaults/velocity.properties
Tue Jun 27 18:06:04 EST 2017   [info] Trying to use logger class org.apache.velocity.runtime.log.AvalonLogSystem
Tue Jun 27 18:06:04 EST 2017   [info] Using logger class org.apache.velocity.runtime.log.AvalonLogSystem
Tue Jun 27 18:06:04 EST 2017   [info] Default ResourceManager initializing. (class org.apache.velocity.runtime.resource.ResourceManagerImpl)
Tue Jun 27 18:06:04 EST 2017   [info] Resource Loader Instantiated: org.apache.velocity.runtime.resource.loader.FileResourceLoader
Tue Jun 27 18:06:04 EST 2017   [info] FileResourceLoader : initialization starting.
Tue Jun 27 18:06:04 EST 2017   [info] FileResourceLoader : adding path '/home/matt-g/altera/13.1/ip/altera/nco/lib//template'
Tue Jun 27 18:06:04 EST 2017   [info] FileResourceLoader : adding path '.'
Tue Jun 27 18:06:04 EST 2017   [info] FileResourceLoader : initialization complete.
Tue Jun 27 18:06:04 EST 2017   [info] Resource Loader Instantiated: org.apache.velocity.runtime.resource.loader.JarResourceLoader
Tue Jun 27 18:06:04 EST 2017   [info] JarResourceLoader : initialization starting.
Tue Jun 27 18:06:04 EST 2017   [info] JarResourceLoader # of paths : 0
Tue Jun 27 18:06:04 EST 2017   [info] JarResourceLoader : initialization complete.
Tue Jun 27 18:06:04 EST 2017   [info] Resource Loader Instantiated: org.apache.velocity.runtime.resource.loader.ClasspathResourceLoader
Tue Jun 27 18:06:04 EST 2017   [info] ClasspathResourceLoader : initialization starting.
Tue Jun 27 18:06:04 EST 2017   [info] ClasspathResourceLoader : initialization complete.
Tue Jun 27 18:06:04 EST 2017   [info] ResourceCache : initialized. (class org.apache.velocity.runtime.resource.ResourceCacheImpl)
Tue Jun 27 18:06:04 EST 2017   [info] Default ResourceManager initialization complete.
Tue Jun 27 18:06:04 EST 2017   [info] Loaded System Directive: org.apache.velocity.runtime.directive.Literal
Tue Jun 27 18:06:04 EST 2017   [info] Loaded System Directive: org.apache.velocity.runtime.directive.Macro
Tue Jun 27 18:06:04 EST 2017   [info] Loaded System Directive: org.apache.velocity.runtime.directive.Parse
Tue Jun 27 18:06:04 EST 2017   [info] Loaded System Directive: org.apache.velocity.runtime.directive.Include
Tue Jun 27 18:06:04 EST 2017   [info] Loaded System Directive: org.apache.velocity.runtime.directive.Foreach
Tue Jun 27 18:06:04 EST 2017   [info] Created: 20 parsers.
Tue Jun 27 18:06:04 EST 2017   [info] Velocimacro : initialization starting.
Tue Jun 27 18:06:04 EST 2017   [info] Velocimacro : adding VMs from VM library template : VM_global_library.vm
Tue Jun 27 18:06:04 EST 2017   [info] Velocimacro : added new VM : #listall( list ) : source = VM_global_library.vm
Tue Jun 27 18:06:04 EST 2017   [info] Velocimacro : added new VM : #listlist( list ) : source = VM_global_library.vm
Tue Jun 27 18:06:04 EST 2017   [info] ResourceManager : found VM_global_library.vm with loader org.apache.velocity.runtime.resource.loader.ClasspathResourceLoader
Tue Jun 27 18:06:04 EST 2017   [info] Velocimacro :  VM library template macro registration complete.
Tue Jun 27 18:06:04 EST 2017   [info] Velocimacro : allowInline = true : VMs can be defined inline in templates
Tue Jun 27 18:06:04 EST 2017   [info] Velocimacro : allowInlineToOverride = false : VMs defined inline may NOT replace previous VM definitions
Tue Jun 27 18:06:04 EST 2017   [info] Velocimacro : allowInlineLocal = false : VMs defined inline will be  global in scope if allowed.
Tue Jun 27 18:06:04 EST 2017   [info] Velocimacro : messages on  : VM system will output logging messages
Tue Jun 27 18:06:04 EST 2017   [info] Velocimacro : autoload off  : VM system will not automatically reload global library macros
Tue Jun 27 18:06:04 EST 2017   [info] Velocimacro : initialization complete.
Tue Jun 27 18:06:04 EST 2017   [info] Velocity successfully started.
Tue Jun 27 18:06:04 EST 2017   [info] ResourceManager : found nco_nativelink_tcl.vm with loader org.apache.velocity.runtime.resource.loader.ClasspathResourceLoader
Tue Jun 27 18:06:04 EST 2017   [info] ResourceManager : found alt_license_tcl.txt with loader org.apache.velocity.runtime.resource.loader.ClasspathResourceLoader
